<?xml version="1.0" encoding="UTF-8"?>
<!-- Generated by org.testng.reporters.JUnitXMLReporter -->
<testsuite hostname="Sri" ignored="4" name="Test" tests="3" failures="1" timestamp="17 Feb 2018 14:55:04 GMT" time="134.999" errors="0">
  <testcase name="Login" time="14.644" classname="sri.srikanth.Login_App"/>
  <testcase name="verifyHomeScreen" time="4.048" classname="sri.srikanth.Home"/>
  <testcase name="buy" time="61.624" classname="sri.srikanth.Buy">
    <failure type="java.lang.AssertionError" message="expected [true] but found [false]">
      <![CDATA[java.lang.AssertionError: expected [true] but found [false]at sri.lib.Util.Logevents(Util.java:182)at sri.Pages.BuyPage.Buy_Search(BuyPage.java:30)at sri.srikanth.Buy.buy(Buy.java:25)at sri.writeXML.Writexml.runXML(Writexml.java:129)... Removed 52 stack frames]]>
    </failure>
  </testcase> <!-- buy -->
  <testcase name="@AfterSuite afterSuite" time="0.0" classname="sri.lib.Base">
    <ignored/>
  </testcase> <!-- @AfterSuite afterSuite -->
  <testcase name="@AfterSuite afterSuite" time="0.0" classname="sri.lib.Base">
    <ignored/>
  </testcase> <!-- @AfterSuite afterSuite -->
  <testcase name="@BeforeSuite beforeSuite" time="0.0" classname="sri.lib.Base">
    <ignored/>
  </testcase> <!-- @BeforeSuite beforeSuite -->
  <testcase name="@BeforeSuite beforeSuite" time="0.0" classname="sri.lib.Base">
    <ignored/>
  </testcase> <!-- @BeforeSuite beforeSuite -->
</testsuite> <!-- Test -->
