<?xml version="1.0" encoding="UTF-8"?>
<!-- Generated by org.testng.reporters.JUnitXMLReporter -->
<testsuite hostname="Sri" ignored="4" name="Test" tests="3" failures="0" timestamp="20 Feb 2018 17:24:25 GMT" time="0.011" errors="0">
  <testcase name="@BeforeMethod beforeMethod" time="0.0" classname="sri.lib.Base">
    <failure type="org.testng.TestNGException" message="
Parameter &amp;apos;browser&amp;apos; is required by BeforeMethod on method beforeMethod but has not been marked @Optional or defined
in E:\srikanth\XML\testng.xml">
      <![CDATA[org.testng.TestNGException: Parameter 'browser' is required by BeforeMethod on method beforeMethod but has not been marked @Optional or definedin E:\srikanth\XML\testng.xmlat sri.writeXML.Writexml.runXML(Writexml.java:129)... Removed 48 stack frames]]>
    </failure>
  </testcase> <!-- @BeforeMethod beforeMethod -->
  <testcase name="@AfterMethod afterMethod" time="0.0" classname="sri.lib.Base">
    <skipped/>
  </testcase> <!-- @AfterMethod afterMethod -->
  <testcase name="@BeforeClass beforeClass" time="0.0" classname="sri.lib.Base">
    <skipped/>
  </testcase> <!-- @BeforeClass beforeClass -->
  <testcase name="@BeforeMethod beforeMethod" time="0.0" classname="sri.lib.Base">
    <skipped/>
  </testcase> <!-- @BeforeMethod beforeMethod -->
  <testcase name="@AfterMethod afterMethod" time="0.0" classname="sri.lib.Base">
    <skipped/>
  </testcase> <!-- @AfterMethod afterMethod -->
  <testcase name="@BeforeClass beforeClass" time="0.0" classname="sri.lib.Base">
    <skipped/>
  </testcase> <!-- @BeforeClass beforeClass -->
  <testcase name="@BeforeMethod beforeMethod" time="0.0" classname="sri.lib.Base">
    <skipped/>
  </testcase> <!-- @BeforeMethod beforeMethod -->
  <testcase name="@AfterMethod afterMethod" time="0.0" classname="sri.lib.Base">
    <skipped/>
  </testcase> <!-- @AfterMethod afterMethod -->
  <testcase name="Login" time="0.0" classname="sri.srikanth.Login_App">
    <skipped/>
  </testcase> <!-- Login -->
  <testcase name="verifyHomeScreen" time="0.0" classname="sri.srikanth.Home">
    <skipped/>
  </testcase> <!-- verifyHomeScreen -->
  <testcase name="buy" time="0.0" classname="sri.srikanth.Buy">
    <skipped/>
  </testcase> <!-- buy -->
  <testcase name="@AfterSuite afterSuite" time="0.0" classname="sri.lib.Base">
    <ignored/>
  </testcase> <!-- @AfterSuite afterSuite -->
  <testcase name="@AfterSuite afterSuite" time="0.0" classname="sri.lib.Base">
    <ignored/>
  </testcase> <!-- @AfterSuite afterSuite -->
  <testcase name="@BeforeSuite beforeSuite" time="0.0" classname="sri.lib.Base">
    <ignored/>
  </testcase> <!-- @BeforeSuite beforeSuite -->
  <testcase name="@BeforeSuite beforeSuite" time="0.0" classname="sri.lib.Base">
    <ignored/>
  </testcase> <!-- @BeforeSuite beforeSuite -->
</testsuite> <!-- Test -->
