<?xml version="1.0" encoding="UTF-8"?>
<!-- Generated by org.testng.reporters.JUnitXMLReporter -->
<testsuite hostname="Sri" ignored="2" name="Test" tests="2" failures="0" timestamp="10 Feb 2018 07:32:56 GMT" time="117.85" errors="0">
  <testcase name="Login" time="15.731" classname="sri.srikanth.Login_App"/>
  <testcase name="buy" time="27.401" classname="sri.srikanth.Buy"/>
  <testcase name="@AfterSuite afterSuite" time="0.0" classname="sri.lib.Base">
    <ignored/>
  </testcase> <!-- @AfterSuite afterSuite -->
  <testcase name="@BeforeSuite beforeSuite" time="0.0" classname="sri.lib.Base">
    <ignored/>
  </testcase> <!-- @BeforeSuite beforeSuite -->
</testsuite> <!-- Test -->
