<?xml version="1.0" encoding="UTF-8"?>
<!-- Generated by org.testng.reporters.JUnitXMLReporter -->
<testsuite hostname="Sri" ignored="0" name="firefox" tests="1" failures="0" timestamp="20 Feb 2018 17:41:36 GMT" time="0.118" errors="0">
  <testcase name="@BeforeMethod beforeMethod" time="0.08" classname="sri.lib.Base">
    <failure type="java.lang.NullPointerException">
      <![CDATA[java.lang.NullPointerExceptionat sri.lib.Util.Lanchbrowser(Util.java:100)at sri.lib.Base.beforeMethod(Base.java:94)... Removed 28 stack frames]]>
    </failure>
  </testcase> <!-- @BeforeMethod beforeMethod -->
  <testcase name="@AfterMethod afterMethod" time="0.0" classname="sri.lib.Base">
    <skipped/>
  </testcase> <!-- @AfterMethod afterMethod -->
  <testcase name="Login" time="0.0" classname="sri.srikanth.Login_App">
    <skipped/>
  </testcase> <!-- Login -->
</testsuite> <!-- firefox -->
