<?xml version="1.0" encoding="UTF-8"?>
<testng-results skipped="0" failed="0" ignored="0" total="1" passed="1">
  <reporter-output>
  </reporter-output>
  <suite name="Default suite" duration-ms="78827" started-at="2018-02-10T07:22:39Z" finished-at="2018-02-10T07:23:58Z">
    <groups>
    </groups>
    <test name="Default test" duration-ms="78827" started-at="2018-02-10T07:22:39Z" finished-at="2018-02-10T07:23:58Z">
      <class name="sri.srikanth.Buy">
        <test-method status="PASS" signature="beforeSuite()[pri:0, instance:sri.srikanth.Buy@2fd66ad3]" name="beforeSuite" is-config="true" duration-ms="2819" started-at="2018-02-10T12:52:36Z" finished-at="2018-02-10T12:52:39Z">
          <reporter-output>
          </reporter-output>
        </test-method> <!-- beforeSuite -->
        <test-method status="PASS" signature="beforeClass()[pri:0, instance:sri.srikanth.Buy@2fd66ad3]" name="beforeClass" is-config="true" duration-ms="3" started-at="2018-02-10T12:52:39Z" finished-at="2018-02-10T12:52:39Z">
          <reporter-output>
          </reporter-output>
        </test-method> <!-- beforeClass -->
        <test-method status="PASS" signature="beforeMethod(java.lang.reflect.Method)[pri:0, instance:sri.srikanth.Buy@2fd66ad3]" name="beforeMethod" is-config="true" duration-ms="44076" started-at="2018-02-10T12:52:39Z" finished-at="2018-02-10T12:53:23Z">
          <params>
            <param index="0">
              <value>
                <![CDATA[public void sri.srikanth.Buy.buy() throws java.io.IOException,java.lang.InterruptedException]]>
              </value>
            </param>
          </params>
          <reporter-output>
          </reporter-output>
        </test-method> <!-- beforeMethod -->
        <test-method status="PASS" signature="buy()[pri:0, instance:sri.srikanth.Buy@2fd66ad3]" name="buy" duration-ms="32581" started-at="2018-02-10T12:53:23Z" finished-at="2018-02-10T12:53:56Z">
          <reporter-output>
          </reporter-output>
        </test-method> <!-- buy -->
        <test-method status="PASS" signature="afterMethod()[pri:0, instance:sri.srikanth.Buy@2fd66ad3]" name="afterMethod" is-config="true" duration-ms="2103" started-at="2018-02-10T12:53:56Z" finished-at="2018-02-10T12:53:58Z">
          <reporter-output>
          </reporter-output>
        </test-method> <!-- afterMethod -->
        <test-method status="PASS" signature="afterSuite()[pri:0, instance:sri.srikanth.Buy@2fd66ad3]" name="afterSuite" is-config="true" duration-ms="448" started-at="2018-02-10T12:53:58Z" finished-at="2018-02-10T12:53:58Z">
          <reporter-output>
          </reporter-output>
        </test-method> <!-- afterSuite -->
      </class> <!-- sri.srikanth.Buy -->
    </test> <!-- Default test -->
  </suite> <!-- Default suite -->
</testng-results>
